0 info it worked if it ends with ok
1 verbose cli [ '/usr/bin/nodejs', '/usr/bin/npm', 'install', '-g', 'yo' ]
2 info using npm@2.15.1
3 info using node@v4.4.3
4 verbose install initial load of /usr/lib/package.json
5 verbose readDependencies loading dependencies from /usr/lib/package.json
6 silly cache add args [ 'yo', null ]
7 verbose cache add spec yo
8 silly cache add parsed spec Result {
8 silly cache add   raw: 'yo',
8 silly cache add   scope: null,
8 silly cache add   name: 'yo',
8 silly cache add   rawSpec: '',
8 silly cache add   spec: 'latest',
8 silly cache add   type: 'tag' }
9 silly addNamed yo@latest
10 verbose addNamed "latest" is being treated as a dist-tag for yo
11 info addNameTag [ 'yo', 'latest' ]
12 silly mapToRegistry name yo
13 silly mapToRegistry using default registry
14 silly mapToRegistry registry https://registry.npmjs.org/
15 silly mapToRegistry data Result {
15 silly mapToRegistry   raw: 'yo',
15 silly mapToRegistry   scope: null,
15 silly mapToRegistry   name: 'yo',
15 silly mapToRegistry   rawSpec: '',
15 silly mapToRegistry   spec: 'latest',
15 silly mapToRegistry   type: 'tag' }
16 silly mapToRegistry uri https://registry.npmjs.org/yo
17 verbose addNameTag registry:https://registry.npmjs.org/yo not in flight; fetching
18 verbose request uri https://registry.npmjs.org/yo
19 verbose request no auth needed
20 info attempt registry request try #1 at 3:07:52 PM
21 verbose request id 49d8846dae928c51
22 verbose etag "D45MTULN9QVCS2EAVJPQ8WEQG"
23 http request GET https://registry.npmjs.org/yo
24 http 304 https://registry.npmjs.org/yo
25 verbose headers { date: 'Fri, 29 Apr 2016 09:37:52 GMT',
25 verbose headers   via: '1.1 varnish',
25 verbose headers   'cache-control': 'max-age=300',
25 verbose headers   etag: '"D45MTULN9QVCS2EAVJPQ8WEQG"',
25 verbose headers   age: '199',
25 verbose headers   connection: 'keep-alive',
25 verbose headers   'x-served-by': 'cache-sin6925-SIN',
25 verbose headers   'x-cache': 'HIT',
25 verbose headers   'x-cache-hits': '15',
25 verbose headers   'x-timer': 'S1461922672.854842,VS0,VE0',
25 verbose headers   vary: 'Accept-Encoding' }
26 silly get cb [ 304,
26 silly get   { date: 'Fri, 29 Apr 2016 09:37:52 GMT',
26 silly get     via: '1.1 varnish',
26 silly get     'cache-control': 'max-age=300',
26 silly get     etag: '"D45MTULN9QVCS2EAVJPQ8WEQG"',
26 silly get     age: '199',
26 silly get     connection: 'keep-alive',
26 silly get     'x-served-by': 'cache-sin6925-SIN',
26 silly get     'x-cache': 'HIT',
26 silly get     'x-cache-hits': '15',
26 silly get     'x-timer': 'S1461922672.854842,VS0,VE0',
26 silly get     vary: 'Accept-Encoding' } ]
27 verbose etag https://registry.npmjs.org/yo from cache
28 verbose get saving yo to /home/ratheesh/.npm/registry.npmjs.org/yo/.cache.json
29 verbose correctMkdir /home/ratheesh/.npm correctMkdir not in flight; initializing
30 silly addNameTag next cb for yo with tag latest
31 silly addNamed yo@1.7.0
32 verbose addNamed "1.7.0" is a plain semver version for yo
33 silly cache afterAdd yo@1.7.0
34 verbose afterAdd /home/ratheesh/.npm/yo/1.7.0/package/package.json not in flight; writing
35 verbose correctMkdir /home/ratheesh/.npm correctMkdir not in flight; initializing
36 verbose afterAdd /home/ratheesh/.npm/yo/1.7.0/package/package.json written
37 silly install resolved [ { name: 'yo',
37 silly install resolved     version: '1.7.0',
37 silly install resolved     description: 'CLI tool for running Yeoman generators',
37 silly install resolved     homepage: 'https://github.com/yeoman/yo#readme',
37 silly install resolved     author: { name: 'Yeoman' },
37 silly install resolved     files: [ 'lib' ],
37 silly install resolved     main: 'lib/index.js',
37 silly install resolved     keywords:
37 silly install resolved      [ 'cli-app',
37 silly install resolved        'cli',
37 silly install resolved        'front-end',
37 silly install resolved        'development',
37 silly install resolved        'dev',
37 silly install resolved        'build',
37 silly install resolved        'web',
37 silly install resolved        'tool',
37 silly install resolved        'scaffold',
37 silly install resolved        'stack',
37 silly install resolved        'yeoman',
37 silly install resolved        'generator',
37 silly install resolved        'generate',
37 silly install resolved        'app',
37 silly install resolved        'boilerplate' ],
37 silly install resolved     license: 'BSD-2-Clause',
37 silly install resolved     repository: { type: 'git', url: 'git+https://github.com/yeoman/yo.git' },
37 silly install resolved     bin: { yo: 'lib/cli.js' },
37 silly install resolved     engines: { node: '>=0.12.0' },
37 silly install resolved     scripts:
37 silly install resolved      { test: 'gulp',
37 silly install resolved        postinstall: 'yodoctor',
37 silly install resolved        postupdate: 'yodoctor',
37 silly install resolved        prepublish: 'gulp prepublish' },
37 silly install resolved     dependencies:
37 silly install resolved      { async: '^1.0.0',
37 silly install resolved        chalk: '^1.0.0',
37 silly install resolved        'cli-list': '^0.1.1',
37 silly install resolved        configstore: '^1.0.0',
37 silly install resolved        'cross-spawn-async': '^2.0.0',
37 silly install resolved        figures: '^1.3.5',
37 silly install resolved        fullname: '^2.0.0',
37 silly install resolved        got: '^5.0.0',
37 silly install resolved        'humanize-string': '^1.0.0',
37 silly install resolved        inquirer: '^0.11.0',
37 silly install resolved        insight: '^0.7.0',
37 silly install resolved        lodash: '^3.2.0',
37 silly install resolved        meow: '^3.0.0',
37 silly install resolved        'npm-keyword': '^4.1.0',
37 silly install resolved        opn: '^3.0.2',
37 silly install resolved        'package-json': '^2.1.0',
37 silly install resolved        'read-pkg-up': '^1.0.1',
37 silly install resolved        repeating: '^2.0.0',
37 silly install resolved        'root-check': '^1.0.0',
37 silly install resolved        'sort-on': '^1.0.0',
37 silly install resolved        'string-length': '^1.0.0',
37 silly install resolved        titleize: '^1.0.0',
37 silly install resolved        'update-notifier': '^0.6.0',
37 silly install resolved        'user-home': '^2.0.0',
37 silly install resolved        'yeoman-character': '^1.0.0',
37 silly install resolved        'yeoman-doctor': '^2.0.0',
37 silly install resolved        'yeoman-environment': '^1.5.0',
37 silly install resolved        yosay: '^1.0.0' },
37 silly install resolved     devDependencies:
37 silly install resolved      { mocha: '^2.1.0',
37 silly install resolved        mockery: '^1.4.0',
37 silly install resolved        nock: '^2.0.1',
37 silly install resolved        nsp: '^2.2.0',
37 silly install resolved        proxyquire: '^1.0.1',
37 silly install resolved        'registry-url': '^3.0.0',
37 silly install resolved        sinon: '^1.12.1',
37 silly install resolved        gulp: '^3.6.0',
37 silly install resolved        'gulp-eslint': '^1.0.0',
37 silly install resolved        'gulp-exclude-gitignore': '^1.0.0',
37 silly install resolved        'gulp-istanbul': '^0.9.0',
37 silly install resolved        'gulp-mocha': '^2.0.0',
37 silly install resolved        'gulp-plumber': '^1.0.0',
37 silly install resolved        'gulp-nsp': '^2.1.0',
37 silly install resolved        'gulp-coveralls': '^0.1.0' },
37 silly install resolved     gitHead: 'ce739d33a387aecb134627816cbddf960cab9b1f',
37 silly install resolved     bugs: { url: 'https://github.com/yeoman/yo/issues' },
37 silly install resolved     _id: 'yo@1.7.0',
37 silly install resolved     _shasum: 'eb354d2e40dd0ac50277bfa7177a4470897a8655',
37 silly install resolved     _from: 'yo@latest',
37 silly install resolved     _npmVersion: '3.5.3',
37 silly install resolved     _nodeVersion: '5.5.0',
37 silly install resolved     _npmUser: { name: 'sboudrias', email: 'admin@simonboudrias.com' },
37 silly install resolved     dist:
37 silly install resolved      { shasum: 'eb354d2e40dd0ac50277bfa7177a4470897a8655',
37 silly install resolved        tarball: 'https://registry.npmjs.org/yo/-/yo-1.7.0.tgz' },
37 silly install resolved     maintainers:
37 silly install resolved      [ [Object],
37 silly install resolved        [Object],
37 silly install resolved        [Object],
37 silly install resolved        [Object],
37 silly install resolved        [Object],
37 silly install resolved        [Object],
37 silly install resolved        [Object] ],
37 silly install resolved     _npmOperationalInternal:
37 silly install resolved      { host: 'packages-9-west.internal.npmjs.com',
37 silly install resolved        tmp: 'tmp/yo-1.7.0.tgz_1456519776662_0.09777535311877728' },
37 silly install resolved     directories: {},
37 silly install resolved     _resolved: 'https://registry.npmjs.org/yo/-/yo-1.7.0.tgz',
37 silly install resolved     readme: 'ERROR: No README data found!' } ]
38 info install yo@1.7.0 into /usr/lib
39 info installOne yo@1.7.0
40 verbose installOne of yo to /usr/lib not in flight; installing
41 verbose correctMkdir /home/ratheesh/.npm/_locks correctMkdir not in flight; initializing
42 verbose lock using /home/ratheesh/.npm/_locks/yo-9e36c1315f2917c0.lock for /usr/lib/node_modules/yo
43 silly install write writing yo 1.7.0 to /usr/lib/node_modules/yo
44 verbose unbuild lib/node_modules/yo
45 silly gentlyRm /usr/lib/node_modules/yo is being purged from base /usr
46 verbose gentlyRm don't care about contents; nuking /usr/lib/node_modules/yo
47 verbose tar unpack /home/ratheesh/.npm/yo/1.7.0/package.tgz
48 verbose tar unpacking to /usr/lib/node_modules/yo
49 silly gentlyRm /usr/lib/node_modules/yo is being purged
50 verbose gentlyRm don't care about contents; nuking /usr/lib/node_modules/yo
51 silly gunzTarPerm modes [ '775', '664' ]
52 error tar.unpack untar error /home/ratheesh/.npm/yo/1.7.0/package.tgz
53 verbose unlock done using /home/ratheesh/.npm/_locks/yo-9e36c1315f2917c0.lock for /usr/lib/node_modules/yo
54 verbose fstream_path /usr/lib/node_modules/yo
55 verbose fstream_type Directory
56 verbose fstream_class DirWriter
57 verbose stack Error: EACCES: permission denied, mkdir '/usr/lib/node_modules/yo'
57 verbose stack     at Error (native)
58 verbose fstream_stack /usr/lib/node_modules/npm/node_modules/fstream/lib/dir-writer.js:35:25
58 verbose fstream_stack /usr/lib/node_modules/npm/node_modules/mkdirp/index.js:47:53
58 verbose fstream_stack FSReqWrap.oncomplete (fs.js:82:15)
59 verbose cwd /home/ratheesh/Documents/CodeAstra/WorkSpace/Angular_WeatherApp
60 error Linux 3.19.0-58-generic
61 error argv "/usr/bin/nodejs" "/usr/bin/npm" "install" "-g" "yo"
62 error node v4.4.3
63 error npm  v2.15.1
64 error path /usr/lib/node_modules/yo
65 error code EACCES
66 error errno -13
67 error syscall mkdir
68 error Error: EACCES: permission denied, mkdir '/usr/lib/node_modules/yo'
68 error     at Error (native)
68 error  { [Error: EACCES: permission denied, mkdir '/usr/lib/node_modules/yo']
68 error   errno: -13,
68 error   code: 'EACCES',
68 error   syscall: 'mkdir',
68 error   path: '/usr/lib/node_modules/yo',
68 error   fstream_type: 'Directory',
68 error   fstream_path: '/usr/lib/node_modules/yo',
68 error   fstream_class: 'DirWriter',
68 error   fstream_stack:
68 error    [ '/usr/lib/node_modules/npm/node_modules/fstream/lib/dir-writer.js:35:25',
68 error      '/usr/lib/node_modules/npm/node_modules/mkdirp/index.js:47:53',
68 error      'FSReqWrap.oncomplete (fs.js:82:15)' ] }
69 error Please try running this command again as root/Administrator.
70 verbose exit [ -13, true ]
71 verbose unbuild lib/node_modules/yo
72 silly gentlyRm /usr/lib/node_modules/yo is being purged from base /usr
73 verbose gentlyRm don't care about contents; nuking /usr/lib/node_modules/yo
